окт. 23, 2022 9:34:20 PM hw_2.src.main.java.com.example.LoggingSort main
INFO: Created array: [12, 34, 61, 66, 10, 74, 51, 6, 74, 16, 23, 90, 18, 57, 2, 15, 99, 82, 53, 90]
окт. 23, 2022 9:34:20 PM hw_2.src.main.java.com.example.LoggingSort main
FINE: [12, 34, 61, 10, 66, 51, 6, 74, 16, 23, 74, 18, 57, 2, 15, 90, 82, 53, 90, 99]
окт. 23, 2022 9:34:20 PM hw_2.src.main.java.com.example.LoggingSort main
FINE: [12, 34, 10, 61, 51, 6, 66, 16, 23, 74, 18, 57, 2, 15, 74, 82, 53, 90, 90, 99]
окт. 23, 2022 9:34:20 PM hw_2.src.main.java.com.example.LoggingSort main
FINE: [12, 10, 34, 51, 6, 61, 16, 23, 66, 18, 57, 2, 15, 74, 74, 53, 82, 90, 90, 99]
окт. 23, 2022 9:34:20 PM hw_2.src.main.java.com.example.LoggingSort main
FINE: [10, 12, 34, 6, 51, 16, 23, 61, 18, 57, 2, 15, 66, 74, 53, 74, 82, 90, 90, 99]
окт. 23, 2022 9:34:20 PM hw_2.src.main.java.com.example.LoggingSort main
FINE: [10, 12, 6, 34, 16, 23, 51, 18, 57, 2, 15, 61, 66, 53, 74, 74, 82, 90, 90, 99]
окт. 23, 2022 9:34:20 PM hw_2.src.main.java.com.example.LoggingSort main
FINE: [10, 6, 12, 16, 23, 34, 18, 51, 2, 15, 57, 61, 53, 66, 74, 74, 82, 90, 90, 99]
окт. 23, 2022 9:34:20 PM hw_2.src.main.java.com.example.LoggingSort main
FINE: [6, 10, 12, 16, 23, 18, 34, 2, 15, 51, 57, 53, 61, 66, 74, 74, 82, 90, 90, 99]
окт. 23, 2022 9:34:20 PM hw_2.src.main.java.com.example.LoggingSort main
FINE: [6, 10, 12, 16, 18, 23, 2, 15, 34, 51, 53, 57, 61, 66, 74, 74, 82, 90, 90, 99]
окт. 23, 2022 9:34:20 PM hw_2.src.main.java.com.example.LoggingSort main
FINE: [6, 10, 12, 16, 18, 2, 15, 23, 34, 51, 53, 57, 61, 66, 74, 74, 82, 90, 90, 99]
окт. 23, 2022 9:34:20 PM hw_2.src.main.java.com.example.LoggingSort main
FINE: [6, 10, 12, 16, 2, 15, 18, 23, 34, 51, 53, 57, 61, 66, 74, 74, 82, 90, 90, 99]
окт. 23, 2022 9:34:20 PM hw_2.src.main.java.com.example.LoggingSort main
FINE: [6, 10, 12, 2, 15, 16, 18, 23, 34, 51, 53, 57, 61, 66, 74, 74, 82, 90, 90, 99]
окт. 23, 2022 9:34:20 PM hw_2.src.main.java.com.example.LoggingSort main
FINE: [6, 10, 2, 12, 15, 16, 18, 23, 34, 51, 53, 57, 61, 66, 74, 74, 82, 90, 90, 99]
окт. 23, 2022 9:34:20 PM hw_2.src.main.java.com.example.LoggingSort main
FINE: [6, 2, 10, 12, 15, 16, 18, 23, 34, 51, 53, 57, 61, 66, 74, 74, 82, 90, 90, 99]
окт. 23, 2022 9:34:20 PM hw_2.src.main.java.com.example.LoggingSort main
FINE: [2, 6, 10, 12, 15, 16, 18, 23, 34, 51, 53, 57, 61, 66, 74, 74, 82, 90, 90, 99]
окт. 23, 2022 9:34:20 PM hw_2.src.main.java.com.example.LoggingSort main
FINE: [2, 6, 10, 12, 15, 16, 18, 23, 34, 51, 53, 57, 61, 66, 74, 74, 82, 90, 90, 99]
окт. 23, 2022 9:34:20 PM hw_2.src.main.java.com.example.LoggingSort main
FINE: [2, 6, 10, 12, 15, 16, 18, 23, 34, 51, 53, 57, 61, 66, 74, 74, 82, 90, 90, 99]
окт. 23, 2022 9:34:20 PM hw_2.src.main.java.com.example.LoggingSort main
FINE: [2, 6, 10, 12, 15, 16, 18, 23, 34, 51, 53, 57, 61, 66, 74, 74, 82, 90, 90, 99]
окт. 23, 2022 9:34:20 PM hw_2.src.main.java.com.example.LoggingSort main
FINE: [2, 6, 10, 12, 15, 16, 18, 23, 34, 51, 53, 57, 61, 66, 74, 74, 82, 90, 90, 99]
окт. 23, 2022 9:34:20 PM hw_2.src.main.java.com.example.LoggingSort main
FINE: [2, 6, 10, 12, 15, 16, 18, 23, 34, 51, 53, 57, 61, 66, 74, 74, 82, 90, 90, 99]
окт. 23, 2022 9:34:20 PM hw_2.src.main.java.com.example.LoggingSort main
FINE: [2, 6, 10, 12, 15, 16, 18, 23, 34, 51, 53, 57, 61, 66, 74, 74, 82, 90, 90, 99]
окт. 23, 2022 9:34:20 PM hw_2.src.main.java.com.example.LoggingSort main
INFO: Sorted array: [2, 6, 10, 12, 15, 16, 18, 23, 34, 51, 53, 57, 61, 66, 74, 74, 82, 90, 90, 99]
